Arguments: 
  /Users/phillipgray/.nvm/versions/node/v10.8.0/bin/node /Users/phillipgray/.nvm/versions/node/v10.8.0/bin/yarn init

PATH: 
  /Users/phillipgray/bin:/Users/phillipgray/.pyenv/shims:/usr/local/opt/gettext/bin:/Users/phillipgray/.rbenv/bin:/Users/phillipgray/.rbenv/shims:/Users/phillipgray/.jenv/shims:/Users/phillipgray/.jenv/bin:/Users/phillipgray/.nvm/versions/node/v10.8.0/bin:/usr/local/bin:/usr/bin:/bin:/usr/sbin:/sbin:/opt/X11/bin:/usr/local/texlive/2018basic/bin/x86_64-darwin:/Users/phillipgray/Library/Android/sdk/emulator:/Users/phillipgray/Library/Android/sdk/tools:/Users/phillipgray/Library/Android/sdk/platform-tools:/Users/phillipgray/Library/Android/sdk/tools/bin

Yarn version: 
  1.13.0

Node version: 
  10.8.0

Platform: 
  darwin x64

Trace: 
  Error: canceled
      at Interface.<anonymous> (/Users/phillipgray/.nvm/versions/node/v10.8.0/lib/node_modules/yarn/lib/cli.js:125657:13)
      at Interface.emit (events.js:182:13)
      at Interface._ttyWrite (readline.js:783:16)
      at ReadStream.onkeypress (readline.js:168:10)
      at ReadStream.emit (events.js:182:13)
      at emitKeys (internal/readline.js:422:14)
      at emitKeys.next (<anonymous>)
      at ReadStream.onData (readline.js:1022:36)
      at ReadStream.emit (events.js:182:13)
      at addChunk (_stream_readable.js:283:12)

npm manifest: 
  No manifest

yarn manifest: 
  No manifest

Lockfile: 
  No lockfile
